<?xml version="1.0" encoding="UTF-8"?>
<testng-results ignored="0" total="2" passed="2" failed="0" skipped="0">
  <reporter-output>
  </reporter-output>
  <suite started-at="2025-01-28T17:03:39 IST" name="Suite" finished-at="2025-01-28T17:05:26 IST" duration-ms="106821">
    <groups>
    </groups>
    <test started-at="2025-01-28T17:03:39 IST" name="ChromeTest" finished-at="2025-01-28T17:04:12 IST" duration-ms="32944">
      <class name="testCases.TC01_AccountRegistrationTest">
        <test-method is-config="true" signature="setup(java.lang.String)[pri:0, instance:testCases.TC01_AccountRegistrationTest@31304f14]" started-at="2025-01-28T17:03:39 IST" name="setup" finished-at="2025-01-28T17:04:09 IST" duration-ms="29557" status="PASS">
          <params>
            <param index="0">
              <value>
                <![CDATA[chrome]]>
              </value>
            </param>
          </params>
          <reporter-output>
          </reporter-output>
        </test-method> <!-- setup -->
        <test-method signature="Verifry_Account_Registration()[pri:0, instance:testCases.TC01_AccountRegistrationTest@31304f14]" started-at="2025-01-28T17:04:09 IST" name="Verifry_Account_Registration" finished-at="2025-01-28T17:04:12 IST" duration-ms="2943" status="PASS">
          <reporter-output>
          </reporter-output>
        </test-method> <!-- Verifry_Account_Registration -->
        <test-method is-config="true" signature="teardown()[pri:0, instance:testCases.TC01_AccountRegistrationTest@31304f14]" started-at="2025-01-28T17:04:12 IST" name="teardown" finished-at="2025-01-28T17:04:12 IST" duration-ms="390" status="PASS">
          <reporter-output>
          </reporter-output>
        </test-method> <!-- teardown -->
      </class> <!-- testCases.TC01_AccountRegistrationTest -->
    </test> <!-- ChromeTest -->
    <test started-at="2025-01-28T17:03:39 IST" name="firefoxtest" finished-at="2025-01-28T17:05:26 IST" duration-ms="106820">
      <class name="testCases.TC01_AccountRegistrationTest">
        <test-method is-config="true" signature="setup(java.lang.String)[pri:0, instance:testCases.TC01_AccountRegistrationTest@75d4a5c2]" started-at="2025-01-28T17:03:39 IST" name="setup" finished-at="2025-01-28T17:05:20 IST" duration-ms="100852" status="PASS">
          <params>
            <param index="0">
              <value>
                <![CDATA[firefox]]>
              </value>
            </param>
          </params>
          <reporter-output>
          </reporter-output>
        </test-method> <!-- setup -->
        <test-method signature="Verifry_Account_Registration()[pri:0, instance:testCases.TC01_AccountRegistrationTest@75d4a5c2]" started-at="2025-01-28T17:05:20 IST" name="Verifry_Account_Registration" finished-at="2025-01-28T17:05:23 IST" duration-ms="2784" status="PASS">
          <reporter-output>
          </reporter-output>
        </test-method> <!-- Verifry_Account_Registration -->
        <test-method is-config="true" signature="teardown()[pri:0, instance:testCases.TC01_AccountRegistrationTest@75d4a5c2]" started-at="2025-01-28T17:05:23 IST" name="teardown" finished-at="2025-01-28T17:05:26 IST" duration-ms="3153" status="PASS">
          <reporter-output>
          </reporter-output>
        </test-method> <!-- teardown -->
      </class> <!-- testCases.TC01_AccountRegistrationTest -->
    </test> <!-- firefoxtest -->
  </suite> <!-- Suite -->
</testng-results>
